C51 COMPILER V9.56.0.0   ROBOT                                                             06/29/2018 12:35:18 PAGE 1   


C51 COMPILER V9.56.0.0, COMPILATION OF MODULE ROBOT
OBJECT MODULE PLACED IN .\Objects\robot.obj
COMPILER INVOKED BY: C:\Softwares\Keil_v5\C51\BIN\C51.EXE robot.c OPTIMIZE(8,SPEED) BROWSE DEBUG OBJECTEXTEND PRINT(.\Li
                    -stings\robot.lst) TABS(2) OBJECT(.\Objects\robot.obj)

line level    source

   1          #include<reg52.h>
   2          #include<stdio.h>
   3          #include<robot.h>
   4          
   5          unsigned int a;
   6          
   7          void main()
   8          {
   9   1        while(1)
  10   1        {
  11   2          a=P0&0x0f;
  12   2          P2=a;
  13   2        }
  14   1      }


MODULE INFORMATION:   STATIC OVERLAYABLE
   CODE SIZE        =     13    ----
   CONSTANT SIZE    =   ----    ----
   XDATA SIZE       =   ----    ----
   PDATA SIZE       =   ----    ----
   DATA SIZE        =      2    ----
   IDATA SIZE       =   ----    ----
   BIT SIZE         =   ----    ----
END OF MODULE INFORMATION.


C51 COMPILATION COMPLETE.  0 WARNING(S),  0 ERROR(S)
